<?xml version="1.0" encoding="UTF-8"?>
<testsuite xmlns:xsi="http://www.w3.org/2001/XMLSchema-instance" xsi:noNamespaceSchemaLocation="https://maven.apache.org/surefire/maven-surefire-plugin/xsd/surefire-test-report.xsd" name="com.camunda.academy.AppTest" time="0.03" tests="1" errors="0" skipped="0" failures="0">
  <properties>
    <property name="java.specification.version" value="23"/>
    <property name="sun.cpu.isalist" value="amd64"/>
    <property name="sun.jnu.encoding" value="Cp1252"/>
    <property name="java.class.path" value="C:\Users\WallQ\Desktop\si\c8-getting-started-microservice-orchestration-lab\target\test-classes;C:\Users\WallQ\Desktop\si\c8-getting-started-microservice-orchestration-lab\target\classes;C:\Users\WallQ\.m2\repository\junit\junit\4.11\junit-4.11.jar;C:\Users\WallQ\.m2\repository\org\hamcrest\hamcrest-core\1.3\hamcrest-core-1.3.jar;C:\Users\WallQ\.m2\repository\io\camunda\zeebe-client-java\8.6.5\zeebe-client-java-8.6.5.jar;C:\Users\WallQ\.m2\repository\io\camunda\zeebe-bpmn-model\8.6.5\zeebe-bpmn-model-8.6.5.jar;C:\Users\WallQ\.m2\repository\org\camunda\bpm\model\camunda-xml-model\7.22.0\camunda-xml-model-7.22.0.jar;C:\Users\WallQ\.m2\repository\com\fasterxml\jackson\core\jackson-core\2.17.2\jackson-core-2.17.2.jar;C:\Users\WallQ\.m2\repository\com\fasterxml\jackson\core\jackson-databind\2.17.2\jackson-databind-2.17.2.jar;C:\Users\WallQ\.m2\repository\com\fasterxml\jackson\core\jackson-annotations\2.17.2\jackson-annotations-2.17.2.jar;C:\Users\WallQ\.m2\repository\com\google\code\findbugs\jsr305\3.0.2\jsr305-3.0.2.jar;C:\Users\WallQ\.m2\repository\org\apache\httpcomponents\core5\httpcore5\5.2.5\httpcore5-5.2.5.jar;C:\Users\WallQ\.m2\repository\io\camunda\zeebe-gateway-protocol-impl\8.6.5\zeebe-gateway-protocol-impl-8.6.5.jar;C:\Users\WallQ\.m2\repository\io\grpc\grpc-protobuf\1.68.1\grpc-protobuf-1.68.1.jar;C:\Users\WallQ\.m2\repository\com\google\api\grpc\proto-google-common-protos\2.41.0\proto-google-common-protos-2.41.0.jar;C:\Users\WallQ\.m2\repository\io\grpc\grpc-protobuf-lite\1.68.1\grpc-protobuf-lite-1.68.1.jar;C:\Users\WallQ\.m2\repository\com\google\guava\guava\33.3.1-jre\guava-33.3.1-jre.jar;C:\Users\WallQ\.m2\repository\com\google\guava\failureaccess\1.0.2\failureaccess-1.0.2.jar;C:\Users\WallQ\.m2\repository\com\google\guava\listenablefuture\9999.0-empty-to-avoid-conflict-with-guava\listenablefuture-9999.0-empty-to-avoid-conflict-with-guava.jar;C:\Users\WallQ\.m2\repository\org\checkerframework\checker-qual\3.43.0\checker-qual-3.43.0.jar;C:\Users\WallQ\.m2\repository\com\google\j2objc\j2objc-annotations\3.0.0\j2objc-annotations-3.0.0.jar;C:\Users\WallQ\.m2\repository\org\slf4j\slf4j-api\2.0.16\slf4j-api-2.0.16.jar;C:\Users\WallQ\.m2\repository\org\apache\httpcomponents\client5\httpclient5\5.3.1\httpclient5-5.3.1.jar;C:\Users\WallQ\.m2\repository\org\apache\httpcomponents\core5\httpcore5-h2\5.2.4\httpcore5-h2-5.2.4.jar;C:\Users\WallQ\.m2\repository\io\grpc\grpc-stub\1.68.1\grpc-stub-1.68.1.jar;C:\Users\WallQ\.m2\repository\com\google\errorprone\error_prone_annotations\2.28.0\error_prone_annotations-2.28.0.jar;C:\Users\WallQ\.m2\repository\io\grpc\grpc-core\1.68.1\grpc-core-1.68.1.jar;C:\Users\WallQ\.m2\repository\com\google\code\gson\gson\2.11.0\gson-2.11.0.jar;C:\Users\WallQ\.m2\repository\com\google\android\annotations\4.1.1.4\annotations-4.1.1.4.jar;C:\Users\WallQ\.m2\repository\org\codehaus\mojo\animal-sniffer-annotations\1.24\animal-sniffer-annotations-1.24.jar;C:\Users\WallQ\.m2\repository\io\perfmark\perfmark-api\0.27.0\perfmark-api-0.27.0.jar;C:\Users\WallQ\.m2\repository\io\grpc\grpc-context\1.68.1\grpc-context-1.68.1.jar;C:\Users\WallQ\.m2\repository\io\grpc\grpc-api\1.68.1\grpc-api-1.68.1.jar;C:\Users\WallQ\.m2\repository\io\grpc\grpc-netty\1.68.1\grpc-netty-1.68.1.jar;C:\Users\WallQ\.m2\repository\io\netty\netty-codec-http2\4.1.110.Final\netty-codec-http2-4.1.110.Final.jar;C:\Users\WallQ\.m2\repository\io\netty\netty-codec-http\4.1.110.Final\netty-codec-http-4.1.110.Final.jar;C:\Users\WallQ\.m2\repository\io\netty\netty-handler-proxy\4.1.110.Final\netty-handler-proxy-4.1.110.Final.jar;C:\Users\WallQ\.m2\repository\io\netty\netty-codec-socks\4.1.110.Final\netty-codec-socks-4.1.110.Final.jar;C:\Users\WallQ\.m2\repository\io\netty\netty-transport-native-unix-common\4.1.110.Final\netty-transport-native-unix-common-4.1.110.Final.jar;C:\Users\WallQ\.m2\repository\io\grpc\grpc-util\1.68.1\grpc-util-1.68.1.jar;C:\Users\WallQ\.m2\repository\com\google\protobuf\protobuf-java\3.25.5\protobuf-java-3.25.5.jar;C:\Users\WallQ\.m2\repository\io\netty\netty-tcnative-boringssl-static\2.0.66.Final\netty-tcnative-boringssl-static-2.0.66.Final.jar;C:\Users\WallQ\.m2\repository\io\netty\netty-tcnative-classes\2.0.66.Final\netty-tcnative-classes-2.0.66.Final.jar;C:\Users\WallQ\.m2\repository\io\netty\netty-tcnative-boringssl-static\2.0.66.Final\netty-tcnative-boringssl-static-2.0.66.Final-linux-x86_64.jar;C:\Users\WallQ\.m2\repository\io\netty\netty-tcnative-boringssl-static\2.0.66.Final\netty-tcnative-boringssl-static-2.0.66.Final-linux-aarch_64.jar;C:\Users\WallQ\.m2\repository\io\netty\netty-tcnative-boringssl-static\2.0.66.Final\netty-tcnative-boringssl-static-2.0.66.Final-osx-x86_64.jar;C:\Users\WallQ\.m2\repository\io\netty\netty-tcnative-boringssl-static\2.0.66.Final\netty-tcnative-boringssl-static-2.0.66.Final-osx-aarch_64.jar;C:\Users\WallQ\.m2\repository\io\netty\netty-tcnative-boringssl-static\2.0.66.Final\netty-tcnative-boringssl-static-2.0.66.Final-windows-x86_64.jar;C:\Users\WallQ\.m2\repository\io\netty\netty-handler\4.1.114.Final\netty-handler-4.1.114.Final.jar;C:\Users\WallQ\.m2\repository\io\netty\netty-resolver\4.1.114.Final\netty-resolver-4.1.114.Final.jar;C:\Users\WallQ\.m2\repository\io\netty\netty-buffer\4.1.114.Final\netty-buffer-4.1.114.Final.jar;C:\Users\WallQ\.m2\repository\io\netty\netty-transport\4.1.114.Final\netty-transport-4.1.114.Final.jar;C:\Users\WallQ\.m2\repository\io\netty\netty-codec\4.1.114.Final\netty-codec-4.1.114.Final.jar;C:\Users\WallQ\.m2\repository\io\netty\netty-common\4.1.114.Final\netty-common-4.1.114.Final.jar;C:\Users\WallQ\.m2\repository\com\fasterxml\jackson\dataformat\jackson-dataformat-yaml\2.17.2\jackson-dataformat-yaml-2.17.2.jar;C:\Users\WallQ\.m2\repository\org\yaml\snakeyaml\2.2\snakeyaml-2.2.jar;"/>
    <property name="java.vm.vendor" value="Oracle Corporation"/>
    <property name="sun.arch.data.model" value="64"/>
    <property name="user.variant" value=""/>
    <property name="java.vendor.url" value="https://java.oracle.com/"/>
    <property name="user.timezone" value="Europe/Lisbon"/>
    <property name="user.country.format" value="US"/>
    <property name="os.name" value="Windows 10"/>
    <property name="java.vm.specification.version" value="23"/>
    <property name="sun.java.launcher" value="SUN_STANDARD"/>
    <property name="user.country" value="PT"/>
    <property name="sun.boot.library.path" value="C:\Program Files\Java\jdk-23.0.1\bin"/>
    <property name="sun.java.command" value="C:\Users\WallQ\AppData\Local\Temp\surefire14439037461147332602\surefirebooter13154939724733040136.jar C:\Users\WallQ\AppData\Local\Temp\surefire14439037461147332602 2024-12-05T22-59-53_315-jvmRun1 surefire11226475038681085112tmp surefire_07963655530346105745tmp"/>
    <property name="jdk.debug" value="release"/>
    <property name="surefire.test.class.path" value="C:\Users\WallQ\Desktop\si\c8-getting-started-microservice-orchestration-lab\target\test-classes;C:\Users\WallQ\Desktop\si\c8-getting-started-microservice-orchestration-lab\target\classes;C:\Users\WallQ\.m2\repository\junit\junit\4.11\junit-4.11.jar;C:\Users\WallQ\.m2\repository\org\hamcrest\hamcrest-core\1.3\hamcrest-core-1.3.jar;C:\Users\WallQ\.m2\repository\io\camunda\zeebe-client-java\8.6.5\zeebe-client-java-8.6.5.jar;C:\Users\WallQ\.m2\repository\io\camunda\zeebe-bpmn-model\8.6.5\zeebe-bpmn-model-8.6.5.jar;C:\Users\WallQ\.m2\repository\org\camunda\bpm\model\camunda-xml-model\7.22.0\camunda-xml-model-7.22.0.jar;C:\Users\WallQ\.m2\repository\com\fasterxml\jackson\core\jackson-core\2.17.2\jackson-core-2.17.2.jar;C:\Users\WallQ\.m2\repository\com\fasterxml\jackson\core\jackson-databind\2.17.2\jackson-databind-2.17.2.jar;C:\Users\WallQ\.m2\repository\com\fasterxml\jackson\core\jackson-annotations\2.17.2\jackson-annotations-2.17.2.jar;C:\Users\WallQ\.m2\repository\com\google\code\findbugs\jsr305\3.0.2\jsr305-3.0.2.jar;C:\Users\WallQ\.m2\repository\org\apache\httpcomponents\core5\httpcore5\5.2.5\httpcore5-5.2.5.jar;C:\Users\WallQ\.m2\repository\io\camunda\zeebe-gateway-protocol-impl\8.6.5\zeebe-gateway-protocol-impl-8.6.5.jar;C:\Users\WallQ\.m2\repository\io\grpc\grpc-protobuf\1.68.1\grpc-protobuf-1.68.1.jar;C:\Users\WallQ\.m2\repository\com\google\api\grpc\proto-google-common-protos\2.41.0\proto-google-common-protos-2.41.0.jar;C:\Users\WallQ\.m2\repository\io\grpc\grpc-protobuf-lite\1.68.1\grpc-protobuf-lite-1.68.1.jar;C:\Users\WallQ\.m2\repository\com\google\guava\guava\33.3.1-jre\guava-33.3.1-jre.jar;C:\Users\WallQ\.m2\repository\com\google\guava\failureaccess\1.0.2\failureaccess-1.0.2.jar;C:\Users\WallQ\.m2\repository\com\google\guava\listenablefuture\9999.0-empty-to-avoid-conflict-with-guava\listenablefuture-9999.0-empty-to-avoid-conflict-with-guava.jar;C:\Users\WallQ\.m2\repository\org\checkerframework\checker-qual\3.43.0\checker-qual-3.43.0.jar;C:\Users\WallQ\.m2\repository\com\google\j2objc\j2objc-annotations\3.0.0\j2objc-annotations-3.0.0.jar;C:\Users\WallQ\.m2\repository\org\slf4j\slf4j-api\2.0.16\slf4j-api-2.0.16.jar;C:\Users\WallQ\.m2\repository\org\apache\httpcomponents\client5\httpclient5\5.3.1\httpclient5-5.3.1.jar;C:\Users\WallQ\.m2\repository\org\apache\httpcomponents\core5\httpcore5-h2\5.2.4\httpcore5-h2-5.2.4.jar;C:\Users\WallQ\.m2\repository\io\grpc\grpc-stub\1.68.1\grpc-stub-1.68.1.jar;C:\Users\WallQ\.m2\repository\com\google\errorprone\error_prone_annotations\2.28.0\error_prone_annotations-2.28.0.jar;C:\Users\WallQ\.m2\repository\io\grpc\grpc-core\1.68.1\grpc-core-1.68.1.jar;C:\Users\WallQ\.m2\repository\com\google\code\gson\gson\2.11.0\gson-2.11.0.jar;C:\Users\WallQ\.m2\repository\com\google\android\annotations\4.1.1.4\annotations-4.1.1.4.jar;C:\Users\WallQ\.m2\repository\org\codehaus\mojo\animal-sniffer-annotations\1.24\animal-sniffer-annotations-1.24.jar;C:\Users\WallQ\.m2\repository\io\perfmark\perfmark-api\0.27.0\perfmark-api-0.27.0.jar;C:\Users\WallQ\.m2\repository\io\grpc\grpc-context\1.68.1\grpc-context-1.68.1.jar;C:\Users\WallQ\.m2\repository\io\grpc\grpc-api\1.68.1\grpc-api-1.68.1.jar;C:\Users\WallQ\.m2\repository\io\grpc\grpc-netty\1.68.1\grpc-netty-1.68.1.jar;C:\Users\WallQ\.m2\repository\io\netty\netty-codec-http2\4.1.110.Final\netty-codec-http2-4.1.110.Final.jar;C:\Users\WallQ\.m2\repository\io\netty\netty-codec-http\4.1.110.Final\netty-codec-http-4.1.110.Final.jar;C:\Users\WallQ\.m2\repository\io\netty\netty-handler-proxy\4.1.110.Final\netty-handler-proxy-4.1.110.Final.jar;C:\Users\WallQ\.m2\repository\io\netty\netty-codec-socks\4.1.110.Final\netty-codec-socks-4.1.110.Final.jar;C:\Users\WallQ\.m2\repository\io\netty\netty-transport-native-unix-common\4.1.110.Final\netty-transport-native-unix-common-4.1.110.Final.jar;C:\Users\WallQ\.m2\repository\io\grpc\grpc-util\1.68.1\grpc-util-1.68.1.jar;C:\Users\WallQ\.m2\repository\com\google\protobuf\protobuf-java\3.25.5\protobuf-java-3.25.5.jar;C:\Users\WallQ\.m2\repository\io\netty\netty-tcnative-boringssl-static\2.0.66.Final\netty-tcnative-boringssl-static-2.0.66.Final.jar;C:\Users\WallQ\.m2\repository\io\netty\netty-tcnative-classes\2.0.66.Final\netty-tcnative-classes-2.0.66.Final.jar;C:\Users\WallQ\.m2\repository\io\netty\netty-tcnative-boringssl-static\2.0.66.Final\netty-tcnative-boringssl-static-2.0.66.Final-linux-x86_64.jar;C:\Users\WallQ\.m2\repository\io\netty\netty-tcnative-boringssl-static\2.0.66.Final\netty-tcnative-boringssl-static-2.0.66.Final-linux-aarch_64.jar;C:\Users\WallQ\.m2\repository\io\netty\netty-tcnative-boringssl-static\2.0.66.Final\netty-tcnative-boringssl-static-2.0.66.Final-osx-x86_64.jar;C:\Users\WallQ\.m2\repository\io\netty\netty-tcnative-boringssl-static\2.0.66.Final\netty-tcnative-boringssl-static-2.0.66.Final-osx-aarch_64.jar;C:\Users\WallQ\.m2\repository\io\netty\netty-tcnative-boringssl-static\2.0.66.Final\netty-tcnative-boringssl-static-2.0.66.Final-windows-x86_64.jar;C:\Users\WallQ\.m2\repository\io\netty\netty-handler\4.1.114.Final\netty-handler-4.1.114.Final.jar;C:\Users\WallQ\.m2\repository\io\netty\netty-resolver\4.1.114.Final\netty-resolver-4.1.114.Final.jar;C:\Users\WallQ\.m2\repository\io\netty\netty-buffer\4.1.114.Final\netty-buffer-4.1.114.Final.jar;C:\Users\WallQ\.m2\repository\io\netty\netty-transport\4.1.114.Final\netty-transport-4.1.114.Final.jar;C:\Users\WallQ\.m2\repository\io\netty\netty-codec\4.1.114.Final\netty-codec-4.1.114.Final.jar;C:\Users\WallQ\.m2\repository\io\netty\netty-common\4.1.114.Final\netty-common-4.1.114.Final.jar;C:\Users\WallQ\.m2\repository\com\fasterxml\jackson\dataformat\jackson-dataformat-yaml\2.17.2\jackson-dataformat-yaml-2.17.2.jar;C:\Users\WallQ\.m2\repository\org\yaml\snakeyaml\2.2\snakeyaml-2.2.jar;"/>
    <property name="sun.cpu.endian" value="little"/>
    <property name="user.home" value="C:\Users\WallQ"/>
    <property name="user.language" value="pt"/>
    <property name="java.specification.vendor" value="Oracle Corporation"/>
    <property name="java.version.date" value="2024-10-15"/>
    <property name="java.home" value="C:\Program Files\Java\jdk-23.0.1"/>
    <property name="file.separator" value="\"/>
    <property name="basedir" value="C:\Users\WallQ\Desktop\si\c8-getting-started-microservice-orchestration-lab"/>
    <property name="java.vm.compressedOopsMode" value="Zero based"/>
    <property name="line.separator" value="&#10;"/>
    <property name="java.vm.specification.vendor" value="Oracle Corporation"/>
    <property name="java.specification.name" value="Java Platform API Specification"/>
    <property name="surefire.real.class.path" value="C:\Users\WallQ\AppData\Local\Temp\surefire14439037461147332602\surefirebooter13154939724733040136.jar"/>
    <property name="user.script" value=""/>
    <property name="sun.management.compiler" value="HotSpot 64-Bit Tiered Compilers"/>
    <property name="java.runtime.version" value="23.0.1+11-39"/>
    <property name="user.name" value="WallQ"/>
    <property name="stdout.encoding" value="Cp1252"/>
    <property name="path.separator" value=";"/>
    <property name="os.version" value="10.0"/>
    <property name="java.runtime.name" value="OpenJDK Runtime Environment"/>
    <property name="file.encoding" value="UTF-8"/>
    <property name="java.vm.name" value="OpenJDK 64-Bit Server VM"/>
    <property name="localRepository" value="C:\Users\WallQ\.m2\repository"/>
    <property name="java.vendor.url.bug" value="https://bugreport.java.com/bugreport/"/>
    <property name="java.io.tmpdir" value="C:\Users\WallQ\AppData\Local\Temp\"/>
    <property name="java.version" value="23.0.1"/>
    <property name="user.dir" value="C:\Users\WallQ\Desktop\si\c8-getting-started-microservice-orchestration-lab"/>
    <property name="os.arch" value="amd64"/>
    <property name="java.vm.specification.name" value="Java Virtual Machine Specification"/>
    <property name="user.language.format" value="en"/>
    <property name="sun.os.patch.level" value=""/>
    <property name="native.encoding" value="Cp1252"/>
    <property name="java.library.path" value="C:\Program Files\Java\jdk-23.0.1\bin;C:\Windows\Sun\Java\bin;C:\Windows\system32;C:\Windows;C:\Program Files\Eclipse Adoptium\jdk-21.0.4.7-hotspot\bin;C:\Windows\system32;C:\Windows;C:\Windows\System32\Wbem;C:\Windows\System32\WindowsPowerShell\v1.0\;C:\Windows\System32\OpenSSH\;C:\Program Files\Microsoft SQL Server\Client SDK\ODBC\170\Tools\Binn\;C:\Program Files (x86)\NVIDIA Corporation\PhysX\Common;C:\Program Files\dotnet\;C:\Program Files\Docker\Docker\resources\bin;C:\Program Files (x86)\Microsoft SQL Server\160\Tools\Binn\;C:\Program Files\Microsoft SQL Server\160\Tools\Binn\;C:\Program Files\Microsoft SQL Server\160\DTS\Binn\;C:\Program Files (x86)\Microsoft SQL Server\160\DTS\Binn\;C:\Program Files\Azure Data Studio\bin;C:\Program Files\Microsoft SQL Server\150\Tools\Binn\;C:\Program Files (x86)\Windows Kits\10\Windows Performance Toolkit\;C:\Program Files\Git\cmd;C:\Program Files\Go\bin;C:\Program Files\GPAC;C:\Program Files\GPAC\gpac.exe;C:\Program Files\GPAC\mp4box.exe;C:\Program Files (x86)\CCExtractor;C:\Program Files (x86)\CCExtractor\ccxgui.exe;C:\Program Files (x86)\CCExtractor\ccextractorwinfull.exe;C:\Users\WallQ\Desktop\Manzana-Apple-Music-Downloader-main\Bento4\Source\Python\utils;C:\Users\WallQ\Desktop\Manzana-Apple-Music-Downloader-main\Bento4\Source\Python\wrappers;C:\Users\WallQ\Desktop\Manzana-Apple-Music-Downloader-main\Bento4\cmakebuild;C:\Users\WallQ\Desktop\Manzana-Apple-Music-Downloader-main\Bento4\cmakebuild\mp4decrypt;C:\testing\bento4\bin;C:\testing\bento4\bin\mp4decrypt.exe;C:\Program Files\Cloudflare\Cloudflare WARP\;C:\Program Files\nodejs\;C:\Program Files\NVIDIA Corporation\NVIDIA app\NvDLISR;c:\Users\WallQ\AppData\Local\Programs\cursor\resources\app\bin;C:\Program Files (x86)\OpenVPN\bin;C:\Users\WallQ\AppData\Local\pnpm;C:\Users\WallQ\AppData\Local\Programs\Python\Python312\Scripts\;C:\Users\WallQ\AppData\Local\Programs\Python\Python312\;C:\Users\WallQ\AppData\Local\pnpm;C:\Users\WallQ\AppData\Local\pnpm;C:\Users\WallQ\AppData\Local\Microsoft\WindowsApps;C:\Users\WallQ\AppData\Local\Programs\Microsoft VS Code\bin;C:\Users\WallQ\AppData\Local\GitHubDesktop\bin;C:\Program Files\JetBrains\PyCharm 2023.2.1\bin;C:\Program Files\JetBrains\IntelliJ IDEA 2023.2.1\bin;C:\Program Files\JetBrains\DataGrip 2023.2.1\bin;C:\Users\WallQ\.dotnet\tools;C:\Program Files\Azure Data Studio\bin;C:\Program Files\JetBrains\WebStorm 2023.2.4\bin;C:\Program Files\Java\jdk-23.0.1;C:\Program Files\Java\jdk-23.0.1\bin;C:\Gradle\gradle-8.11.1\bin;C:\Users\WallQ\.dotnet\tools;C:\Program Files\Azure Data Studio\bin;C:\Program Files\JetBrains\DataGrip 2023.3.4\bin;C:\Maven\apache-maven-3.9.6\bin;C:\Program Files\nodejs;C:\Program Files\nodejs\node_modules\npm\bin;C:\Users\WallQ\.bun\bin;C:\Users\WallQ\go\bin;C:\Users\WallQ\Desktop\Manzana-Apple-Music-Downloader-main\Bento4\cmakebuild;C:\Users\WallQ\Desktop\Manzana-Apple-Music-Downloader-main\Bento4\cmakebuild\mp4decrypt;C:\Program Files\GPAC;C:\Program Files\GPAC\mp4box.exe;C:\Program Files\GPAC\gpac.exe;C:\Users\WallQ\Desktop\Manzana-Apple-Music-Downloader-main\Bento4\Source\Python\utils;C:\Users\WallQ\Desktop\Manzana-Apple-Music-Downloader-main\Bento4\Source\Python\wrappers;C:\Program Files (x86)\CCExtractor;C:\Program Files (x86)\CCExtractor\ccxgui.exe;C:\Program Files (x86)\CCExtractor\ccextractorwinfull.exe;C:\testing\bento4\bin;C:\testing\bento4\bin\mp4decrypt.exe;C:\Users\WallQ\AppData\Local\Muse Hub\lib;C:\Users\WallQ\AppData\Roaming\npm;;."/>
    <property name="java.vm.info" value="mixed mode, sharing"/>
    <property name="stderr.encoding" value="Cp1252"/>
    <property name="java.vendor" value="Oracle Corporation"/>
    <property name="java.vm.version" value="23.0.1+11-39"/>
    <property name="sun.io.unicode.encoding" value="UnicodeLittle"/>
    <property name="java.class.version" value="67.0"/>
  </properties>
  <testcase name="shouldAnswerWithTrue" classname="com.camunda.academy.AppTest" time="0"/>
</testsuite>